[ 2013-07-06T09:49:43+08:00 ] ERR: 文件名testsete：
[ 2013-07-06T09:49:43+08:00 ] ERR: 文件名$path：Array
[ 2013-07-06T09:49:43+08:00 ] ERR: 文件名$action：index
[ 2013-07-06T09:49:43+08:00 ] ERR: 文件名$module：default
[ 2013-07-06T09:50:01+08:00 ] ERR: 文件名$path：Array
[ 2013-07-06T09:50:01+08:00 ] ERR: 文件名$action：list
[ 2013-07-06T09:50:01+08:00 ] ERR: 文件名$module：default
[ 2013-07-06T09:50:07+08:00 ] ERR: 文件名$path：Array
[ 2013-07-06T09:50:07+08:00 ] ERR: 文件名$action：content
[ 2013-07-06T09:50:07+08:00 ] ERR: 文件名$module：default
[ 2013-07-06T09:50:15+08:00 ] ERR: (ThinkException) 无法加载模块:One.php
[ 2013-07-06T09:51:06+08:00 ] ERR: 文件名$path：Array
[ 2013-07-06T09:51:06+08:00 ] ERR: 文件名$action：pic
[ 2013-07-06T09:51:06+08:00 ] ERR: 文件名$module：default
[ 2013-07-06T09:51:14+08:00 ] ERR: 文件名$path：Array
[ 2013-07-06T09:51:14+08:00 ] ERR: 文件名$action：content
[ 2013-07-06T09:51:14+08:00 ] ERR: 文件名$module：default
[ 2013-07-06T09:52:08+08:00 ] ERR: 文件名$path：Array
[ 2013-07-06T09:52:08+08:00 ] ERR: 文件名$action：content
[ 2013-07-06T09:52:08+08:00 ] ERR: 文件名$module：default
[ 2013-07-06T09:52:13+08:00 ] ERR: 文件名$path：Array
[ 2013-07-06T09:52:13+08:00 ] ERR: 文件名$action：content
[ 2013-07-06T09:52:13+08:00 ] ERR: 文件名$module：default
[ 2013-07-06T09:53:18+08:00 ] ERR: 文件名$path：Array
[ 2013-07-06T09:53:18+08:00 ] ERR: 文件名$action：list
[ 2013-07-06T09:53:18+08:00 ] ERR: 文件名$module：default
[ 2013-07-06T09:53:21+08:00 ] ERR: 文件名$path：Array
[ 2013-07-06T09:53:21+08:00 ] ERR: 文件名$action：content
[ 2013-07-06T09:53:21+08:00 ] ERR: 文件名$module：default
[ 2013-07-06T10:08:19+08:00 ] ERR: 文件名testsete：
[ 2013-07-06T10:08:19+08:00 ] ERR: 文件名$path：Array
[ 2013-07-06T10:08:19+08:00 ] ERR: 文件名$action：index
[ 2013-07-06T10:08:19+08:00 ] ERR: 文件名$module：default
[ 2013-07-06T10:08:35+08:00 ] ERR: 文件名actionClass：list2222list
[ 2013-07-06T10:08:35+08:00 ] ERR: 文件名$path：Array
[ 2013-07-06T10:08:35+08:00 ] ERR: 文件名$action：taglist
[ 2013-07-06T10:08:35+08:00 ] ERR: 文件名$module：default
[ 2013-07-06T10:14:45+08:00 ] ERR: 文件名$path：Array
[ 2013-07-06T10:14:45+08:00 ] ERR: 文件名$action：edit_class
[ 2013-07-06T10:14:45+08:00 ] ERR: 文件名$module：Class
[ 2013-07-06T10:35:47+08:00 ] ERR: 文件名$path：Array
[ 2013-07-06T10:35:47+08:00 ] ERR: 文件名$action：content
[ 2013-07-06T10:35:47+08:00 ] ERR: 文件名$module：default
[ 2013-07-06T10:36:25+08:00 ] ERR: 文件名$path：Array
[ 2013-07-06T10:36:25+08:00 ] ERR: 文件名$action：page
[ 2013-07-06T10:36:25+08:00 ] ERR: 文件名$module：default
[ 2013-07-06T10:36:55+08:00 ] ERR: 文件名$path：Array
[ 2013-07-06T10:36:55+08:00 ] ERR: 文件名$action：page
[ 2013-07-06T10:36:55+08:00 ] ERR: 文件名$module：default
[ 2013-07-06T10:38:48+08:00 ] ERR: 文件名$path：Array
[ 2013-07-06T10:38:48+08:00 ] ERR: 文件名$action：
[ 2013-07-06T10:38:48+08:00 ] ERR: 文件名$module：default
[ 2013-07-06T10:38:48+08:00 ] ERR: (ThinkException) 模板不存在[./Template/default/.html]
[ 2013-07-06T10:39:19+08:00 ] ERR: 文件名$path：Array
[ 2013-07-06T10:39:19+08:00 ] ERR: 文件名$action：page
[ 2013-07-06T10:39:19+08:00 ] ERR: 文件名$module：default
[ 2013-07-06T10:43:24+08:00 ] ERR: 文件名$path：Array
[ 2013-07-06T10:43:24+08:00 ] ERR: 文件名$action：page
[ 2013-07-06T10:43:24+08:00 ] ERR: 文件名$module：default
[ 2013-07-06T12:23:13+08:00 ] ERR: 文件名$path：Array
[ 2013-07-06T12:23:13+08:00 ] ERR: 文件名$action：edit_page
[ 2013-07-06T12:23:13+08:00 ] ERR: 文件名$module：Page
[ 2013-07-06T12:23:39+08:00 ] ERR: 文件名$path：Array
[ 2013-07-06T12:23:39+08:00 ] ERR: 文件名$action：edit_class
[ 2013-07-06T12:23:39+08:00 ] ERR: 文件名$module：Class
[ 2013-07-06T12:23:59+08:00 ] ERR: 文件名testsete：
[ 2013-07-06T12:23:59+08:00 ] ERR: 文件名$path：Array
[ 2013-07-06T12:23:59+08:00 ] ERR: 文件名$action：index
[ 2013-07-06T12:23:59+08:00 ] ERR: 文件名$module：default
[ 2013-07-06T12:24:04+08:00 ] ERR: 文件名$path：Array
[ 2013-07-06T12:24:04+08:00 ] ERR: 文件名$action：page
[ 2013-07-06T12:24:04+08:00 ] ERR: 文件名$module：default
[ 2013-07-06T12:28:17+08:00 ] ERR: 文件名testsete：
[ 2013-07-06T12:28:17+08:00 ] ERR: 文件名$path：Array
[ 2013-07-06T12:28:17+08:00 ] ERR: 文件名$action：index
[ 2013-07-06T12:28:17+08:00 ] ERR: 文件名$module：default
[ 2013-07-06T12:28:20+08:00 ] ERR: 文件名$path：Array
[ 2013-07-06T12:28:20+08:00 ] ERR: 文件名$action：message
[ 2013-07-06T12:28:20+08:00 ] ERR: 文件名$module：default
[ 2013-07-06T12:28:56+08:00 ] ERR: 文件名$path：Array
[ 2013-07-06T12:28:56+08:00 ] ERR: 文件名$action：message
[ 2013-07-06T12:28:56+08:00 ] ERR: 文件名$module：default
[ 2013-07-06T15:38:20+08:00 ] ERR: 文件名$path：Array
[ 2013-07-06T15:38:20+08:00 ] ERR: 文件名$action：message
[ 2013-07-06T15:38:20+08:00 ] ERR: 文件名$module：default
[ 2013-07-06T15:39:00+08:00 ] ERR: 文件名testsete：
[ 2013-07-06T15:39:00+08:00 ] ERR: 文件名$path：Array
[ 2013-07-06T15:39:00+08:00 ] ERR: 文件名$action：index
[ 2013-07-06T15:39:00+08:00 ] ERR: 文件名$module：default
[ 2013-07-06T21:01:28+08:00 ] ERR: 文件名$path：Array
[ 2013-07-06T21:01:28+08:00 ] ERR: 文件名$action：page
[ 2013-07-06T21:01:28+08:00 ] ERR: 文件名$module：default
[ 2013-07-06T22:23:12+08:00 ] ERR: 文件名testsete：
[ 2013-07-06T22:23:12+08:00 ] ERR: 文件名$path：Array
[ 2013-07-06T22:23:12+08:00 ] ERR: 文件名$action：index
[ 2013-07-06T22:23:12+08:00 ] ERR: 文件名$module：default
[ 2013-07-06T22:23:33+08:00 ] ERR: 文件名$path：Array
[ 2013-07-06T22:23:33+08:00 ] ERR: 文件名$action：message
[ 2013-07-06T22:23:33+08:00 ] ERR: 文件名$module：default
[ 2013-07-06T22:23:45+08:00 ] ERR: 文件名$path：Array
[ 2013-07-06T22:23:45+08:00 ] ERR: 文件名$action：message
[ 2013-07-06T22:23:45+08:00 ] ERR: 文件名$module：default
[ 2013-07-06T23:08:47+08:00 ] ERR: (ThinkException) Access denied for user 'root'@'localhost' (using password: NO)
[ 2013-07-06T23:08:48+08:00 ] ERR: (ThinkException) Access denied for user 'root'@'localhost' (using password: NO)
[ 2013-07-06T23:18:56+08:00 ] ERR: 文件名$path：Array
[ 2013-07-06T23:18:56+08:00 ] ERR: 文件名$action：message
[ 2013-07-06T23:18:56+08:00 ] ERR: 文件名$module：default
[ 2013-07-06T23:19:42+08:00 ] ERR: 文件名testsete：
[ 2013-07-06T23:19:42+08:00 ] ERR: 文件名$path：Array
[ 2013-07-06T23:19:42+08:00 ] ERR: 文件名$action：index
[ 2013-07-06T23:19:42+08:00 ] ERR: 文件名$module：default
[ 2013-07-06T23:19:42+08:00 ] ERR: (ThinkException) 无法加载模块:Favicon.ico
[ 2013-07-06T23:19:45+08:00 ] ERR: (ThinkException) 无法加载模块:Admin'
[ 2013-07-06T23:19:46+08:00 ] ERR: (ThinkException) 无法加载模块:Favicon.ico
[ 2013-07-06T23:19:48+08:00 ] ERR: (ThinkException) 无法加载模块:Favicon.ico
[ 2013-07-06T23:21:00+08:00 ] ERR: 文件名$path：Array
[ 2013-07-06T23:21:00+08:00 ] ERR: 文件名$action：all_set
[ 2013-07-06T23:21:00+08:00 ] ERR: 文件名$module：Setting
[ 2013-07-06T23:21:01+08:00 ] ERR: 文件名$path：Array
[ 2013-07-06T23:21:01+08:00 ] ERR: 文件名$action：security_set
[ 2013-07-06T23:21:01+08:00 ] ERR: 文件名$module：Setting
[ 2013-07-06T23:21:52+08:00 ] ERR: 文件名$path：Array
[ 2013-07-06T23:21:52+08:00 ] ERR: 文件名$action：edit_page
[ 2013-07-06T23:21:52+08:00 ] ERR: 文件名$module：Page
[ 2013-07-06T23:22:46+08:00 ] ERR: 文件名testsete：
[ 2013-07-06T23:22:46+08:00 ] ERR: 文件名$path：Array
[ 2013-07-06T23:22:46+08:00 ] ERR: 文件名$action：index
[ 2013-07-06T23:22:46+08:00 ] ERR: 文件名$module：default
[ 2013-07-06T23:22:48+08:00 ] ERR: 文件名$path：Array
[ 2013-07-06T23:22:48+08:00 ] ERR: 文件名$action：content
[ 2013-07-06T23:22:48+08:00 ] ERR: 文件名$module：default
[ 2013-07-06T23:23:06+08:00 ] ERR: 文件名$path：Array
[ 2013-07-06T23:23:06+08:00 ] ERR: 文件名$action：
[ 2013-07-06T23:23:06+08:00 ] ERR: 文件名$module：default
[ 2013-07-06T23:23:06+08:00 ] ERR: (ThinkException) 模板不存在[./Template/default/.html]
[ 2013-07-06T23:23:58+08:00 ] ERR: 文件名$path：Array
[ 2013-07-06T23:23:58+08:00 ] ERR: 文件名$action：
[ 2013-07-06T23:23:58+08:00 ] ERR: 文件名$module：default
[ 2013-07-06T23:23:58+08:00 ] ERR: (ThinkException) 模板不存在[./Template/default/.html]
[ 2013-07-06T23:24:01+08:00 ] ERR: 文件名$path：Array
[ 2013-07-06T23:24:01+08:00 ] ERR: 文件名$action：
[ 2013-07-06T23:24:01+08:00 ] ERR: 文件名$module：default
[ 2013-07-06T23:24:01+08:00 ] ERR: (ThinkException) 模板不存在[./Template/default/.html]
[ 2013-07-06T23:24:05+08:00 ] ERR: 文件名$path：Array
[ 2013-07-06T23:24:05+08:00 ] ERR: 文件名$action：page
[ 2013-07-06T23:24:05+08:00 ] ERR: 文件名$module：default
[ 2013-07-06T23:24:42+08:00 ] ERR: 文件名$path：Array
[ 2013-07-06T23:24:42+08:00 ] ERR: 文件名$action：edit_page
[ 2013-07-06T23:24:42+08:00 ] ERR: 文件名$module：Page
[ 2013-07-06T23:24:48+08:00 ] ERR: 文件名$path：Array
[ 2013-07-06T23:24:48+08:00 ] ERR: 文件名$action：edit_class
[ 2013-07-06T23:24:48+08:00 ] ERR: 文件名$module：Class
[ 2013-07-06T23:25:26+08:00 ] ERR: 文件名testsete：
[ 2013-07-06T23:25:26+08:00 ] ERR: 文件名$path：Array
[ 2013-07-06T23:25:26+08:00 ] ERR: 文件名$action：index
[ 2013-07-06T23:25:26+08:00 ] ERR: 文件名$module：default
[ 2013-07-06T23:25:27+08:00 ] ERR: 文件名testsete：
[ 2013-07-06T23:25:27+08:00 ] ERR: 文件名$path：Array
[ 2013-07-06T23:25:27+08:00 ] ERR: 文件名$action：index
[ 2013-07-06T23:25:27+08:00 ] ERR: 文件名$module：default
[ 2013-07-06T23:25:28+08:00 ] ERR: 文件名$path：Array
[ 2013-07-06T23:25:28+08:00 ] ERR: 文件名$action：pic
[ 2013-07-06T23:25:28+08:00 ] ERR: 文件名$module：default
[ 2013-07-06T23:25:31+08:00 ] ERR: 文件名$path：Array
[ 2013-07-06T23:25:31+08:00 ] ERR: 文件名$action：page
[ 2013-07-06T23:25:31+08:00 ] ERR: 文件名$module：default
[ 2013-07-06T23:25:39+08:00 ] ERR: 文件名$path：Array
[ 2013-07-06T23:25:39+08:00 ] ERR: 文件名$action：page
[ 2013-07-06T23:25:39+08:00 ] ERR: 文件名$module：default
[ 2013-07-06T23:26:53+08:00 ] ERR: (ThinkException) 非法操作:actionpage
[ 2013-07-06T23:27:01+08:00 ] ERR: (ThinkException) 非法操作:actionpage
[ 2013-07-06T23:28:21+08:00 ] ERR: (ThinkException) 非法操作:actionpage
[ 2013-07-06T23:28:23+08:00 ] ERR: (ThinkException) 非法操作:actionpage
[ 2013-07-06T23:28:56+08:00 ] ERR: (ThinkException) 非法操作:actionpage
[ 2013-07-06T23:29:08+08:00 ] ERR: 文件名$path：Array
[ 2013-07-06T23:29:08+08:00 ] ERR: 文件名$action：page
[ 2013-07-06T23:29:08+08:00 ] ERR: 文件名$module：default
[ 2013-07-06T23:29:09+08:00 ] ERR: 文件名$path：Array
[ 2013-07-06T23:29:09+08:00 ] ERR: 文件名$action：page
[ 2013-07-06T23:29:09+08:00 ] ERR: 文件名$module：default
[ 2013-07-06T23:30:58+08:00 ] ERR: 文件名testsete：
[ 2013-07-06T23:30:58+08:00 ] ERR: 文件名$path：Array
[ 2013-07-06T23:30:58+08:00 ] ERR: 文件名$action：index
[ 2013-07-06T23:30:58+08:00 ] ERR: 文件名$module：default
[ 2013-07-06T23:31:01+08:00 ] ERR: 文件名$path：Array
[ 2013-07-06T23:31:01+08:00 ] ERR: 文件名$action：content
[ 2013-07-06T23:31:01+08:00 ] ERR: 文件名$module：default
[ 2013-07-06T23:40:36+08:00 ] ERR: 文件名testsete：
[ 2013-07-06T23:40:36+08:00 ] ERR: 文件名$path：Array
[ 2013-07-06T23:40:36+08:00 ] ERR: 文件名$action：index
[ 2013-07-06T23:40:36+08:00 ] ERR: 文件名$module：default
[ 2013-07-06T23:40:36+08:00 ] ERR: (ThinkException) 无法加载模块:Favicon.ico
[ 2013-07-06T23:40:41+08:00 ] ERR: (ThinkException) 无法加载模块:Favicon.ico
[ 2013-07-06T23:42:42+08:00 ] ERR: 文件名testsete：
[ 2013-07-06T23:42:42+08:00 ] ERR: 文件名$path：Array
[ 2013-07-06T23:42:42+08:00 ] ERR: 文件名$action：index
[ 2013-07-06T23:42:42+08:00 ] ERR: 文件名$module：default
[ 2013-07-06T23:45:22+08:00 ] ERR: 文件名$path：Array
[ 2013-07-06T23:45:22+08:00 ] ERR: 文件名$action：content
[ 2013-07-06T23:45:22+08:00 ] ERR: 文件名$module：default
[ 2013-07-06T23:51:03+08:00 ] ERR: 文件名testsete：
[ 2013-07-06T23:51:03+08:00 ] ERR: 文件名$path：Array
[ 2013-07-06T23:51:03+08:00 ] ERR: 文件名$action：index
[ 2013-07-06T23:51:03+08:00 ] ERR: 文件名$module：default
[ 2013-07-06T23:51:57+08:00 ] ERR: 文件名testsete：
[ 2013-07-06T23:51:57+08:00 ] ERR: 文件名$path：Array
[ 2013-07-06T23:51:57+08:00 ] ERR: 文件名$action：index
[ 2013-07-06T23:51:57+08:00 ] ERR: 文件名$module：default
