[ 2013-07-07T09:07:40+08:00 ] ERR: 文件名testsete：
[ 2013-07-07T09:07:40+08:00 ] ERR: 文件名$path：Array
[ 2013-07-07T09:07:40+08:00 ] ERR: 文件名$action：index
[ 2013-07-07T09:07:40+08:00 ] ERR: 文件名$module：default
[ 2013-07-07T09:07:40+08:00 ] ERR: (ThinkException) 无法加载模块:Favicon.ico
[ 2013-07-07T09:07:41+08:00 ] ERR: 文件名$path：Array
[ 2013-07-07T09:07:41+08:00 ] ERR: 文件名$action：message
[ 2013-07-07T09:07:41+08:00 ] ERR: 文件名$module：default
[ 2013-07-07T09:07:42+08:00 ] ERR: (ThinkException) 无法加载模块:Favicon.ico
[ 2013-07-07T09:08:17+08:00 ] ERR: 文件名$path：Array
[ 2013-07-07T09:08:17+08:00 ] ERR: 文件名$action：message
[ 2013-07-07T09:08:17+08:00 ] ERR: 文件名$module：default
[ 2013-07-07T09:08:18+08:00 ] ERR: 文件名$path：Array
[ 2013-07-07T09:08:18+08:00 ] ERR: 文件名$action：message
[ 2013-07-07T09:08:18+08:00 ] ERR: 文件名$module：default
[ 2013-07-07T09:08:25+08:00 ] ERR: 文件名$path：Array
[ 2013-07-07T09:08:25+08:00 ] ERR: 文件名$action：message
[ 2013-07-07T09:08:25+08:00 ] ERR: 文件名$module：default
[ 2013-07-07T09:08:26+08:00 ] ERR: 文件名$path：Array
[ 2013-07-07T09:08:26+08:00 ] ERR: 文件名$action：message
[ 2013-07-07T09:08:26+08:00 ] ERR: 文件名$module：default
[ 2013-07-07T09:08:26+08:00 ] ERR: 文件名$path：Array
[ 2013-07-07T09:08:26+08:00 ] ERR: 文件名$action：message
[ 2013-07-07T09:08:26+08:00 ] ERR: 文件名$module：default
[ 2013-07-07T09:08:26+08:00 ] ERR: 文件名$path：Array
[ 2013-07-07T09:08:26+08:00 ] ERR: 文件名$action：message
[ 2013-07-07T09:08:26+08:00 ] ERR: 文件名$module：default
[ 2013-07-07T09:08:26+08:00 ] ERR: 文件名$path：Array
[ 2013-07-07T09:08:26+08:00 ] ERR: 文件名$action：message
[ 2013-07-07T09:08:26+08:00 ] ERR: 文件名$module：default
[ 2013-07-07T09:08:35+08:00 ] ERR: 文件名$path：Array
[ 2013-07-07T09:08:35+08:00 ] ERR: 文件名$action：message
[ 2013-07-07T09:08:35+08:00 ] ERR: 文件名$module：default
[ 2013-07-07T09:08:36+08:00 ] ERR: 文件名$path：Array
[ 2013-07-07T09:08:36+08:00 ] ERR: 文件名$action：message
[ 2013-07-07T09:08:36+08:00 ] ERR: 文件名$module：default
[ 2013-07-07T09:08:44+08:00 ] ERR: 文件名$path：Array
[ 2013-07-07T09:08:44+08:00 ] ERR: 文件名$action：message
[ 2013-07-07T09:08:44+08:00 ] ERR: 文件名$module：default
[ 2013-07-07T09:08:45+08:00 ] ERR: 文件名$path：Array
[ 2013-07-07T09:08:45+08:00 ] ERR: 文件名$action：message
[ 2013-07-07T09:08:45+08:00 ] ERR: 文件名$module：default
[ 2013-07-07T09:08:45+08:00 ] ERR: 文件名$path：Array
[ 2013-07-07T09:08:45+08:00 ] ERR: 文件名$action：message
[ 2013-07-07T09:08:45+08:00 ] ERR: 文件名$module：default
[ 2013-07-07T09:09:12+08:00 ] ERR: 文件名$path：Array
[ 2013-07-07T09:09:12+08:00 ] ERR: 文件名$action：message
[ 2013-07-07T09:09:12+08:00 ] ERR: 文件名$module：default
[ 2013-07-07T09:09:13+08:00 ] ERR: 文件名$path：Array
[ 2013-07-07T09:09:13+08:00 ] ERR: 文件名$action：message
[ 2013-07-07T09:09:13+08:00 ] ERR: 文件名$module：default
[ 2013-07-07T09:09:30+08:00 ] ERR: 文件名$path：Array
[ 2013-07-07T09:09:30+08:00 ] ERR: 文件名$action：message
[ 2013-07-07T09:09:30+08:00 ] ERR: 文件名$module：default
[ 2013-07-07T09:09:30+08:00 ] ERR: 文件名$path：Array
[ 2013-07-07T09:09:30+08:00 ] ERR: 文件名$action：message
[ 2013-07-07T09:09:30+08:00 ] ERR: 文件名$module：default
[ 2013-07-07T09:09:31+08:00 ] ERR: 文件名$path：Array
[ 2013-07-07T09:09:31+08:00 ] ERR: 文件名$action：message
[ 2013-07-07T09:09:31+08:00 ] ERR: 文件名$module：default
[ 2013-07-07T09:09:36+08:00 ] ERR: 文件名$path：Array
[ 2013-07-07T09:09:36+08:00 ] ERR: 文件名$action：message
[ 2013-07-07T09:09:36+08:00 ] ERR: 文件名$module：default
[ 2013-07-07T09:09:37+08:00 ] ERR: 文件名$path：Array
[ 2013-07-07T09:09:37+08:00 ] ERR: 文件名$action：message
[ 2013-07-07T09:09:37+08:00 ] ERR: 文件名$module：default
[ 2013-07-07T09:09:38+08:00 ] ERR: 文件名$path：Array
[ 2013-07-07T09:09:38+08:00 ] ERR: 文件名$action：list
[ 2013-07-07T09:09:38+08:00 ] ERR: 文件名$module：default
[ 2013-07-07T09:09:39+08:00 ] ERR: 文件名$path：Array
[ 2013-07-07T09:09:39+08:00 ] ERR: 文件名$action：pic
[ 2013-07-07T09:09:39+08:00 ] ERR: 文件名$module：default
[ 2013-07-07T09:09:41+08:00 ] ERR: 文件名testsete：
[ 2013-07-07T09:09:41+08:00 ] ERR: 文件名$path：Array
[ 2013-07-07T09:09:41+08:00 ] ERR: 文件名$action：index
[ 2013-07-07T09:09:41+08:00 ] ERR: 文件名$module：default
[ 2013-07-07T09:10:02+08:00 ] ERR: 文件名testsete：
[ 2013-07-07T09:10:02+08:00 ] ERR: 文件名$path：Array
[ 2013-07-07T09:10:02+08:00 ] ERR: 文件名$action：index
[ 2013-07-07T09:10:02+08:00 ] ERR: 文件名$module：default
[ 2013-07-07T09:10:03+08:00 ] ERR: 文件名testsete：
[ 2013-07-07T09:10:03+08:00 ] ERR: 文件名$path：Array
[ 2013-07-07T09:10:03+08:00 ] ERR: 文件名$action：index
[ 2013-07-07T09:10:03+08:00 ] ERR: 文件名$module：default
[ 2013-07-07T09:10:04+08:00 ] ERR: 文件名$path：Array
[ 2013-07-07T09:10:04+08:00 ] ERR: 文件名$action：message
[ 2013-07-07T09:10:04+08:00 ] ERR: 文件名$module：default
[ 2013-07-07T09:10:04+08:00 ] ERR: 文件名$path：Array
[ 2013-07-07T09:10:04+08:00 ] ERR: 文件名$action：message
[ 2013-07-07T09:10:04+08:00 ] ERR: 文件名$module：default
[ 2013-07-07T09:10:05+08:00 ] ERR: 文件名$path：Array
[ 2013-07-07T09:10:05+08:00 ] ERR: 文件名$action：message
[ 2013-07-07T09:10:05+08:00 ] ERR: 文件名$module：default
[ 2013-07-07T09:10:05+08:00 ] ERR: 文件名$path：Array
[ 2013-07-07T09:10:05+08:00 ] ERR: 文件名$action：message
[ 2013-07-07T09:10:05+08:00 ] ERR: 文件名$module：default
[ 2013-07-07T09:10:14+08:00 ] ERR: 文件名$path：Array
[ 2013-07-07T09:10:14+08:00 ] ERR: 文件名$action：message
[ 2013-07-07T09:10:14+08:00 ] ERR: 文件名$module：default
[ 2013-07-07T09:10:15+08:00 ] ERR: 文件名$path：Array
[ 2013-07-07T09:10:15+08:00 ] ERR: 文件名$action：message
[ 2013-07-07T09:10:15+08:00 ] ERR: 文件名$module：default
[ 2013-07-07T09:10:15+08:00 ] ERR: 文件名$path：Array
[ 2013-07-07T09:10:15+08:00 ] ERR: 文件名$action：message
[ 2013-07-07T09:10:15+08:00 ] ERR: 文件名$module：default
[ 2013-07-07T09:10:19+08:00 ] ERR: 文件名$path：Array
[ 2013-07-07T09:10:19+08:00 ] ERR: 文件名$action：page
[ 2013-07-07T09:10:19+08:00 ] ERR: 文件名$module：default
[ 2013-07-07T09:10:22+08:00 ] ERR: 文件名$path：Array
[ 2013-07-07T09:10:22+08:00 ] ERR: 文件名$action：page
[ 2013-07-07T09:10:22+08:00 ] ERR: 文件名$module：default
[ 2013-07-07T09:10:23+08:00 ] ERR: 文件名testsete：
[ 2013-07-07T09:10:23+08:00 ] ERR: 文件名$path：Array
[ 2013-07-07T09:10:23+08:00 ] ERR: 文件名$action：index
[ 2013-07-07T09:10:23+08:00 ] ERR: 文件名$module：default
[ 2013-07-07T09:10:26+08:00 ] ERR: 文件名$path：Array
[ 2013-07-07T09:10:26+08:00 ] ERR: 文件名$action：page
[ 2013-07-07T09:10:26+08:00 ] ERR: 文件名$module：default
[ 2013-07-07T09:10:52+08:00 ] ERR: 文件名$path：Array
[ 2013-07-07T09:10:52+08:00 ] ERR: 文件名$action：page
[ 2013-07-07T09:10:52+08:00 ] ERR: 文件名$module：default
[ 2013-07-07T09:10:56+08:00 ] ERR: 文件名$path：Array
[ 2013-07-07T09:10:56+08:00 ] ERR: 文件名$action：page
[ 2013-07-07T09:10:56+08:00 ] ERR: 文件名$module：default
[ 2013-07-07T09:10:57+08:00 ] ERR: 文件名testsete：
[ 2013-07-07T09:10:57+08:00 ] ERR: 文件名$path：Array
[ 2013-07-07T09:10:57+08:00 ] ERR: 文件名$action：index
[ 2013-07-07T09:10:57+08:00 ] ERR: 文件名$module：default
[ 2013-07-07T09:10:59+08:00 ] ERR: 文件名$path：Array
[ 2013-07-07T09:10:59+08:00 ] ERR: 文件名$action：list
[ 2013-07-07T09:10:59+08:00 ] ERR: 文件名$module：default
[ 2013-07-07T09:11:00+08:00 ] ERR: 文件名$path：Array
[ 2013-07-07T09:11:00+08:00 ] ERR: 文件名$action：pic
[ 2013-07-07T09:11:00+08:00 ] ERR: 文件名$module：default
[ 2013-07-07T09:11:01+08:00 ] ERR: 文件名testsete：
[ 2013-07-07T09:11:01+08:00 ] ERR: 文件名$path：Array
[ 2013-07-07T09:11:01+08:00 ] ERR: 文件名$action：index
[ 2013-07-07T09:11:01+08:00 ] ERR: 文件名$module：default
[ 2013-07-07T09:11:05+08:00 ] ERR: 文件名testsete：
[ 2013-07-07T09:11:05+08:00 ] ERR: 文件名$path：Array
[ 2013-07-07T09:11:05+08:00 ] ERR: 文件名$action：index
[ 2013-07-07T09:11:05+08:00 ] ERR: 文件名$module：default
[ 2013-07-07T09:11:06+08:00 ] ERR: 文件名testsete：
[ 2013-07-07T09:11:06+08:00 ] ERR: 文件名$path：Array
[ 2013-07-07T09:11:06+08:00 ] ERR: 文件名$action：index
[ 2013-07-07T09:11:06+08:00 ] ERR: 文件名$module：default
[ 2013-07-07T09:11:11+08:00 ] ERR: 文件名actionClass：list2222list
[ 2013-07-07T09:11:11+08:00 ] ERR: 文件名$path：Array
[ 2013-07-07T09:11:11+08:00 ] ERR: 文件名$action：taglist
[ 2013-07-07T09:11:11+08:00 ] ERR: 文件名$module：default
[ 2013-07-07T09:11:14+08:00 ] ERR: 文件名testsete：
[ 2013-07-07T09:11:14+08:00 ] ERR: 文件名$path：Array
[ 2013-07-07T09:11:14+08:00 ] ERR: 文件名$action：index
[ 2013-07-07T09:11:14+08:00 ] ERR: 文件名$module：default
[ 2013-07-07T09:11:50+08:00 ] ERR: 文件名testsete：
[ 2013-07-07T09:11:50+08:00 ] ERR: 文件名$path：Array
[ 2013-07-07T09:11:50+08:00 ] ERR: 文件名$action：index
[ 2013-07-07T09:11:50+08:00 ] ERR: 文件名$module：default
[ 2013-07-07T09:12:11+08:00 ] ERR: 文件名testsete：
[ 2013-07-07T09:12:11+08:00 ] ERR: 文件名$path：Array
[ 2013-07-07T09:12:11+08:00 ] ERR: 文件名$action：index
[ 2013-07-07T09:12:11+08:00 ] ERR: 文件名$module：default
[ 2013-07-07T09:12:14+08:00 ] ERR: 文件名$path：Array
[ 2013-07-07T09:12:14+08:00 ] ERR: 文件名$action：list
[ 2013-07-07T09:12:14+08:00 ] ERR: 文件名$module：default
[ 2013-07-07T09:12:15+08:00 ] ERR: 文件名$path：Array
[ 2013-07-07T09:12:15+08:00 ] ERR: 文件名$action：pic
[ 2013-07-07T09:12:15+08:00 ] ERR: 文件名$module：default
[ 2013-07-07T09:12:17+08:00 ] ERR: 文件名testsete：
[ 2013-07-07T09:12:17+08:00 ] ERR: 文件名$path：Array
[ 2013-07-07T09:12:17+08:00 ] ERR: 文件名$action：index
[ 2013-07-07T09:12:17+08:00 ] ERR: 文件名$module：default
[ 2013-07-07T09:12:18+08:00 ] ERR: 文件名$path：Array
[ 2013-07-07T09:12:18+08:00 ] ERR: 文件名$action：page
[ 2013-07-07T09:12:18+08:00 ] ERR: 文件名$module：default
[ 2013-07-07T09:12:20+08:00 ] ERR: 文件名testsete：
[ 2013-07-07T09:12:20+08:00 ] ERR: 文件名$path：Array
[ 2013-07-07T09:12:20+08:00 ] ERR: 文件名$action：index
[ 2013-07-07T09:12:20+08:00 ] ERR: 文件名$module：default
[ 2013-07-07T09:12:23+08:00 ] ERR: 文件名$path：Array
[ 2013-07-07T09:12:23+08:00 ] ERR: 文件名$action：message
[ 2013-07-07T09:12:23+08:00 ] ERR: 文件名$module：default
[ 2013-07-07T09:12:24+08:00 ] ERR: 文件名testsete：
[ 2013-07-07T09:12:24+08:00 ] ERR: 文件名$path：Array
[ 2013-07-07T09:12:24+08:00 ] ERR: 文件名$action：index
[ 2013-07-07T09:12:24+08:00 ] ERR: 文件名$module：default
[ 2013-07-07T09:12:40+08:00 ] ERR: 文件名$path：Array
[ 2013-07-07T09:12:40+08:00 ] ERR: 文件名$action：content
[ 2013-07-07T09:12:40+08:00 ] ERR: 文件名$module：default
[ 2013-07-07T09:12:46+08:00 ] ERR: 文件名$path：Array
[ 2013-07-07T09:12:46+08:00 ] ERR: 文件名$action：page
[ 2013-07-07T09:12:46+08:00 ] ERR: 文件名$module：default
[ 2013-07-07T09:12:47+08:00 ] ERR: 文件名$path：Array
[ 2013-07-07T09:12:47+08:00 ] ERR: 文件名$action：page
[ 2013-07-07T09:12:47+08:00 ] ERR: 文件名$module：default
[ 2013-07-07T09:12:47+08:00 ] ERR: 文件名testsete：
[ 2013-07-07T09:12:47+08:00 ] ERR: 文件名$path：Array
[ 2013-07-07T09:12:47+08:00 ] ERR: 文件名$action：index
[ 2013-07-07T09:12:47+08:00 ] ERR: 文件名$module：default
[ 2013-07-07T09:29:56+08:00 ] ERR: 文件名testsete：
[ 2013-07-07T09:29:56+08:00 ] ERR: 文件名$path：Array
[ 2013-07-07T09:29:56+08:00 ] ERR: 文件名$action：index
[ 2013-07-07T09:29:56+08:00 ] ERR: 文件名$module：default
[ 2013-07-07T09:29:56+08:00 ] ERR: (ThinkException) 无法加载模块:Favicon.ico
[ 2013-07-07T09:29:58+08:00 ] ERR: 文件名$path：Array
[ 2013-07-07T09:29:58+08:00 ] ERR: 文件名$action：list
[ 2013-07-07T09:29:58+08:00 ] ERR: 文件名$module：default
[ 2013-07-07T09:29:58+08:00 ] ERR: (ThinkException) 无法加载模块:Favicon.ico
[ 2013-07-07T09:29:59+08:00 ] ERR: 文件名$path：Array
[ 2013-07-07T09:29:59+08:00 ] ERR: 文件名$action：pic
[ 2013-07-07T09:29:59+08:00 ] ERR: 文件名$module：default
[ 2013-07-07T09:30:00+08:00 ] ERR: 文件名testsete：
[ 2013-07-07T09:30:00+08:00 ] ERR: 文件名$path：Array
[ 2013-07-07T09:30:00+08:00 ] ERR: 文件名$action：index
[ 2013-07-07T09:30:00+08:00 ] ERR: 文件名$module：default
[ 2013-07-07T09:30:01+08:00 ] ERR: 文件名$path：Array
[ 2013-07-07T09:30:01+08:00 ] ERR: 文件名$action：content
[ 2013-07-07T09:30:01+08:00 ] ERR: 文件名$module：default
[ 2013-07-07T09:30:02+08:00 ] ERR: 文件名$path：Array
[ 2013-07-07T09:30:02+08:00 ] ERR: 文件名$action：pic
[ 2013-07-07T09:30:02+08:00 ] ERR: 文件名$module：default
[ 2013-07-07T09:36:33+08:00 ] ERR: 文件名$path：Array
[ 2013-07-07T09:36:33+08:00 ] ERR: 文件名$action：page
[ 2013-07-07T09:36:33+08:00 ] ERR: 文件名$module：default
[ 2013-07-07T09:37:10+08:00 ] ERR: 文件名testsete：
[ 2013-07-07T09:37:10+08:00 ] ERR: 文件名$path：Array
[ 2013-07-07T09:37:10+08:00 ] ERR: 文件名$action：index
[ 2013-07-07T09:37:10+08:00 ] ERR: 文件名$module：default
